<?xml version="1.0" encoding="UTF-8"?>
<Site BuildName="Linux-c++"
	BuildStamp="20251020-1321-Experimental"
	Name="SonCao-Acer"
	Generator="ctest-3.28.3"
	CompilerName="/usr/bin/c++"
	CompilerVersion="13.3.0"
	OSName="Linux"
	Hostname="SonCao-Acer"
	OSRelease="6.6.87.2-microsoft-standard-WSL2"
	OSVersion="#1 SMP PREEMPT_DYNAMIC Thu Jun  5 18:30:46 UTC 2025"
	OSPlatform="x86_64"
	Is64Bits="1"
	VendorString="AuthenticAMD"
	VendorID="Advanced Micro Devices"
	FamilyID="23"
	ModelID="104"
	ProcessorCacheSize="512"
	NumberOfLogicalCPU="16"
	NumberOfPhysicalCPU="8"
	TotalVirtualMemory="2048"
	TotalPhysicalMemory="7604"
	LogicalProcessorsPerPhysical="2"
	ProcessorClockFrequency="1796.57"
	>
	<Testing>
		<StartDateTime>Oct 20 20:28 CEST</StartDateTime>
		<StartTestTime>1760984880</StartTestTime>
		<TestList/>
		<EndDateTime>Oct 20 20:28 CEST</EndDateTime>
		<EndTestTime>1760984880</EndTestTime>
		<ElapsedMinutes>0</ElapsedMinutes>
	</Testing>
</Site>
