<?xml version="1.0" encoding="UTF-8"?>
<Site BuildName="Linux-c++"
	BuildStamp="20251018-1740-Experimental"
	Name="SonCao-Acer"
	Generator="ctest-3.28.3"
	CompilerName="/usr/bin/c++"
	CompilerVersion="13.3.0"
	OSName="Linux"
	Hostname="SonCao-Acer"
	OSRelease="6.6.87.2-microsoft-standard-WSL2"
	OSVersion="#1 SMP PREEMPT_DYNAMIC Thu Jun  5 18:30:46 UTC 2025"
	OSPlatform="x86_64"
	Is64Bits="1"
	VendorString="AuthenticAMD"
	VendorID="Advanced Micro Devices"
	FamilyID="23"
	ModelID="104"
	ProcessorCacheSize="512"
	NumberOfLogicalCPU="16"
	NumberOfPhysicalCPU="8"
	TotalVirtualMemory="2048"
	TotalPhysicalMemory="7604"
	LogicalProcessorsPerPhysical="2"
	ProcessorClockFrequency="1796.56"
	>
	<Testing>
		<StartDateTime>Oct 18 20:58 CEST</StartDateTime>
		<StartTestTime>1760813905</StartTestTime>
		<TestList>
			<Test>./1.topsort/topsort_test</Test>
		</TestList>
		<Test Status="passed">
			<Name>topsort_test</Name>
			<Path>./1.topsort</Path>
			<FullName>./1.topsort/topsort_test</FullName>
			<FullCommandLine>/usr/bin/python3 "/mnt/c/SAXION/Year 2/Quarter 1/Algorithm/week7-code/scripts/test.py" "topsort" "/mnt/c/SAXION/Year 2/Quarter 1/Algorithm/week7-code/1.topsort/tests/topsort_cases_new"</FullCommandLine>
			<Results>
				<NamedMeasurement type="numeric/double" name="Execution Time">
					<Value>0.944821</Value>
				</NamedMeasurement>
				<NamedMeasurement type="numeric/double" name="Processors">
					<Value>1</Value>
				</NamedMeasurement>
				<NamedMeasurement type="text/string" name="Completion Status">
					<Value>Completed</Value>
				</NamedMeasurement>
				<NamedMeasurement type="text/string" name="Command Line">
					<Value>/usr/bin/python3 "/mnt/c/SAXION/Year 2/Quarter 1/Algorithm/week7-code/scripts/test.py" "topsort" "/mnt/c/SAXION/Year 2/Quarter 1/Algorithm/week7-code/1.topsort/tests/topsort_cases_new"</Value>
				</NamedMeasurement>
				<NamedMeasurement type="text/string" name="Environment">
					<Value>#CTEST_RESOURCE_GROUP_COUNT=</Value>
				</NamedMeasurement>
				<Measurement>
					<Value>All test cases passed
</Value>
				</Measurement>
			</Results>
		</Test>
		<EndDateTime>Oct 18 20:58 CEST</EndDateTime>
		<EndTestTime>1760813906</EndTestTime>
		<ElapsedMinutes>0</ElapsedMinutes>
	</Testing>
</Site>
