<?xml version="1.0" encoding="UTF-8"?>
<Site BuildName="Linux-c++"
	BuildStamp="20251026-2050-Experimental"
	Name="SonCao-Acer"
	Generator="ctest-3.28.3"
	CompilerName="/usr/bin/c++"
	CompilerVersion="13.3.0"
	OSName="Linux"
	Hostname="SonCao-Acer"
	OSRelease="6.6.87.2-microsoft-standard-WSL2"
	OSVersion="#1 SMP PREEMPT_DYNAMIC Thu Jun  5 18:30:46 UTC 2025"
	OSPlatform="x86_64"
	Is64Bits="1"
	VendorString="AuthenticAMD"
	VendorID="Advanced Micro Devices"
	FamilyID="23"
	ModelID="104"
	ProcessorCacheSize="512"
	NumberOfLogicalCPU="16"
	NumberOfPhysicalCPU="8"
	TotalVirtualMemory="2048"
	TotalPhysicalMemory="7604"
	LogicalProcessorsPerPhysical="2"
	ProcessorClockFrequency="1796.57"
	>
	<Testing>
		<StartDateTime>Oct 26 23:30 CET</StartDateTime>
		<StartTestTime>1761517827</StartTestTime>
		<TestList>
			<Test>./4.satellites/satellites_test</Test>
		</TestList>
		<Test Status="failed">
			<Name>satellites_test</Name>
			<Path>./4.satellites</Path>
			<FullName>./4.satellites/satellites_test</FullName>
			<FullCommandLine>/usr/bin/python3 "/mnt/c/SAXION/Year 2/Quarter 1/Algorithm/week7-code/scripts/test.py" "satellites" "/mnt/c/SAXION/Year 2/Quarter 1/Algorithm/week7-code/4.satellites/tests/satellites_cases"</FullCommandLine>
			<Results>
				<NamedMeasurement type="text/string" name="Exit Code">
					<Value>Failed</Value>
				</NamedMeasurement>
				<NamedMeasurement type="text/string" name="Exit Value">
					<Value>1</Value>
				</NamedMeasurement>
				<NamedMeasurement type="numeric/double" name="Execution Time">
					<Value>0.469354</Value>
				</NamedMeasurement>
				<NamedMeasurement type="numeric/double" name="Processors">
					<Value>1</Value>
				</NamedMeasurement>
				<NamedMeasurement type="text/string" name="Completion Status">
					<Value>Completed</Value>
				</NamedMeasurement>
				<NamedMeasurement type="text/string" name="Command Line">
					<Value>/usr/bin/python3 "/mnt/c/SAXION/Year 2/Quarter 1/Algorithm/week7-code/scripts/test.py" "satellites" "/mnt/c/SAXION/Year 2/Quarter 1/Algorithm/week7-code/4.satellites/tests/satellites_cases"</Value>
				</NamedMeasurement>
				<NamedMeasurement type="text/string" name="Environment">
					<Value>#CTEST_RESOURCE_GROUP_COUNT=</Value>
				</NamedMeasurement>
				<Measurement>
					<Value>None
The answer for the following test input (line 3) is incorrect: [(0,0,0),(1,2,3),(8,5,2),(2,3,0),(5,5,5)] 
 got 16.55
 expected 22.71
</Value>
				</Measurement>
			</Results>
		</Test>
		<EndDateTime>Oct 26 23:30 CET</EndDateTime>
		<EndTestTime>1761517828</EndTestTime>
		<ElapsedMinutes>0</ElapsedMinutes>
	</Testing>
</Site>
