Start testing: Sep 15 17:48 CEST
----------------------------------------------------------
4/7 Testing: list_union_test
4/7 Test: list_union_test
Command: "/usr/bin/python3" "/mnt/c/SAXION/Year 2/Quarter 1/Algorithm/week2-code/scripts/test_target.py" "list_union" "/mnt/c/SAXION/Year 2/Quarter 1/Algorithm/week2-code/list_union/tests/list_union_cases"
Directory: /mnt/c/SAXION/Year 2/Quarter 1/Algorithm/week2-code/build/list_union
"list_union_test" start time: Sep 15 17:48 CEST
Output:
----------------------------------------------------------
<end of output>
Test time =   0.72 sec
----------------------------------------------------------
Test Passed.
"list_union_test" end time: Sep 15 17:48 CEST
"list_union_test" time elapsed: 00:00:00
----------------------------------------------------------

End testing: Sep 15 17:48 CEST
