<?xml version="1.0" encoding="UTF-8"?>
<Site BuildName="Linux-c++"
	BuildStamp="20251022-1105-Experimental"
	Name="SonCao-Acer"
	Generator="ctest-3.28.3"
	CompilerName="/usr/bin/c++"
	CompilerVersion="13.3.0"
	OSName="Linux"
	Hostname="SonCao-Acer"
	OSRelease="6.6.87.2-microsoft-standard-WSL2"
	OSVersion="#1 SMP PREEMPT_DYNAMIC Thu Jun  5 18:30:46 UTC 2025"
	OSPlatform="x86_64"
	Is64Bits="1"
	VendorString="AuthenticAMD"
	VendorID="Advanced Micro Devices"
	FamilyID="23"
	ModelID="104"
	ProcessorCacheSize="512"
	NumberOfLogicalCPU="16"
	NumberOfPhysicalCPU="8"
	TotalVirtualMemory="2048"
	TotalPhysicalMemory="7604"
	LogicalProcessorsPerPhysical="2"
	ProcessorClockFrequency="1796.57"
	>
	<Testing>
		<StartDateTime>Oct 23 01:17 CEST</StartDateTime>
		<StartTestTime>1761175053</StartTestTime>
		<TestList>
			<Test>./5.spanningtree/spanningtree_test</Test>
		</TestList>
		<Test Status="failed">
			<Name>spanningtree_test</Name>
			<Path>./5.spanningtree</Path>
			<FullName>./5.spanningtree/spanningtree_test</FullName>
			<FullCommandLine>/usr/bin/python3 "/mnt/c/SAXION/Year 2/Quarter 1/Algorithm/week7-code/scripts/test.py" "spanningtree" "/mnt/c/SAXION/Year 2/Quarter 1/Algorithm/week7-code/5.spanningtree/tests/spanningtree_cases"</FullCommandLine>
			<Results>
				<NamedMeasurement type="text/string" name="Exit Code">
					<Value>Failed</Value>
				</NamedMeasurement>
				<NamedMeasurement type="text/string" name="Exit Value">
					<Value>1</Value>
				</NamedMeasurement>
				<NamedMeasurement type="numeric/double" name="Execution Time">
					<Value>1.36193</Value>
				</NamedMeasurement>
				<NamedMeasurement type="numeric/double" name="Processors">
					<Value>1</Value>
				</NamedMeasurement>
				<NamedMeasurement type="text/string" name="Completion Status">
					<Value>Completed</Value>
				</NamedMeasurement>
				<NamedMeasurement type="text/string" name="Command Line">
					<Value>/usr/bin/python3 "/mnt/c/SAXION/Year 2/Quarter 1/Algorithm/week7-code/scripts/test.py" "spanningtree" "/mnt/c/SAXION/Year 2/Quarter 1/Algorithm/week7-code/5.spanningtree/tests/spanningtree_cases"</Value>
				</NamedMeasurement>
				<NamedMeasurement type="text/string" name="Environment">
					<Value>#CTEST_RESOURCE_GROUP_COUNT=</Value>
				</NamedMeasurement>
				<Measurement>
					<Value encoding="base64" compression="gzip">eJxFz7EOgjAUBdC9X3FHSDoACgY3gQKTk5txMFiQhLSk1ODnW/Al3U5fbm9fr1pJdntLPNWySoNeG1h37PU06XVUA6xcLEY1fyyCaVQSSRRiXNyo08bIzp5xDy4cBUcccmwsOY7EiiMlCo6MWLtsRG448o3Ffi8mCj914QOx8YGWWP7bNlb+jWoPJBvFHsiJruFEbGnL2mcb6n2ggADDoC0yBvmd3T/lCyn7Afm+REY=</Value>
				</Measurement>
			</Results>
		</Test>
		<EndDateTime>Oct 23 01:17 CEST</EndDateTime>
		<EndTestTime>1761175055</EndTestTime>
		<ElapsedMinutes>0</ElapsedMinutes>
	</Testing>
</Site>
