Start testing: Oct 13 20:07 CEST
----------------------------------------------------------
5/7 Testing: ordering_deps_test
5/7 Test: ordering_deps_test
Command: "/usr/bin/python3" "/mnt/c/SAXION/Year 2/Quarter 1/Algorithm/week6-code/scripts/test.py" "ordering_deps" "/mnt/c/SAXION/Year 2/Quarter 1/Algorithm/week6-code/ordering_deps/tests/ordering_deps_cases"
Directory: /mnt/c/SAXION/Year 2/Quarter 1/Algorithm/week6-code/build/ordering_deps
"ordering_deps_test" start time: Oct 13 20:07 CEST
Output:
----------------------------------------------------------
All test cases passed
<end of output>
Test time =   1.18 sec
----------------------------------------------------------
Test Passed.
"ordering_deps_test" end time: Oct 13 20:07 CEST
"ordering_deps_test" time elapsed: 00:00:01
----------------------------------------------------------

End testing: Oct 13 20:07 CEST
