Start testing: Oct 02 21:57 CEST
----------------------------------------------------------
1/6 Testing: heapify_test
1/6 Test: heapify_test
Command: "/usr/bin/python3" "/mnt/c/SAXION/Year 2/Quarter 1/Algorithm/week5-code/scripts/test.py" "heapify" "/mnt/c/SAXION/Year 2/Quarter 1/Algorithm/week5-code/heapify/tests/heapify_test_cases"
Directory: /mnt/c/SAXION/Year 2/Quarter 1/Algorithm/week5-code/build/heapify
"heapify_test" start time: Oct 02 21:57 CEST
Output:
----------------------------------------------------------
All test cases passed
<end of output>
Test time =   1.21 sec
----------------------------------------------------------
Test Passed.
"heapify_test" end time: Oct 02 21:57 CEST
"heapify_test" time elapsed: 00:00:01
----------------------------------------------------------

End testing: Oct 02 21:57 CEST
