<?xml version="1.0" encoding="UTF-8"?>
<Site BuildName="Linux-c++"
	BuildStamp="20250919-1141-Experimental"
	Name="SonCao-Acer"
	Generator="ctest-3.28.3"
	CompilerName="/usr/bin/c++"
	CompilerVersion="13.3.0"
	OSName="Linux"
	Hostname="SonCao-Acer"
	OSRelease="6.6.87.2-microsoft-standard-WSL2"
	OSVersion="#1 SMP PREEMPT_DYNAMIC Thu Jun  5 18:30:46 UTC 2025"
	OSPlatform="x86_64"
	Is64Bits="1"
	VendorString="AuthenticAMD"
	VendorID="Advanced Micro Devices"
	FamilyID="23"
	ModelID="104"
	ProcessorCacheSize="512"
	NumberOfLogicalCPU="16"
	NumberOfPhysicalCPU="8"
	TotalVirtualMemory="2048"
	TotalPhysicalMemory="7604"
	LogicalProcessorsPerPhysical="2"
	ProcessorClockFrequency="1796.56"
	>
	<Testing>
		<StartDateTime>Sep 19 15:38 CEST</StartDateTime>
		<StartTestTime>1758289103</StartTestTime>
		<TestList>
			<Test>./quick_sort/quick_sort_test</Test>
		</TestList>
		<Test Status="passed">
			<Name>quick_sort_test</Name>
			<Path>./quick_sort</Path>
			<FullName>./quick_sort/quick_sort_test</FullName>
			<FullCommandLine>/usr/bin/python3 "/mnt/c/SAXION/Year 2/Quarter 1/Algorithm/week3-code/scripts/test_sorting.py" "quick_sort" "/mnt/c/SAXION/Year 2/Quarter 1/Algorithm/week3-code/quick_sort/tests/quick_sort_test_cases"</FullCommandLine>
			<Results>
				<NamedMeasurement type="numeric/double" name="Execution Time">
					<Value>1.50673</Value>
				</NamedMeasurement>
				<NamedMeasurement type="numeric/double" name="Processors">
					<Value>1</Value>
				</NamedMeasurement>
				<NamedMeasurement type="text/string" name="Completion Status">
					<Value>Completed</Value>
				</NamedMeasurement>
				<NamedMeasurement type="text/string" name="Command Line">
					<Value>/usr/bin/python3 "/mnt/c/SAXION/Year 2/Quarter 1/Algorithm/week3-code/scripts/test_sorting.py" "quick_sort" "/mnt/c/SAXION/Year 2/Quarter 1/Algorithm/week3-code/quick_sort/tests/quick_sort_test_cases"</Value>
				</NamedMeasurement>
				<NamedMeasurement type="text/string" name="Environment">
					<Value>#CTEST_RESOURCE_GROUP_COUNT=</Value>
				</NamedMeasurement>
				<Measurement>
					<Value encoding="base64" compression="gzip">eJxzSSxJVCjOrEq1UjDhcs7PLUgsyizOzyu2UjDlCi5PLAAyzLhcEIoMDVBVGRnBlBlaIqsztkBVZ2hqBldoaI6s0sjM2NIcVbGxqbGJmRlcg7GxqYmliQEXADDBM8s=</Value>
				</Measurement>
			</Results>
		</Test>
		<EndDateTime>Sep 19 15:38 CEST</EndDateTime>
		<EndTestTime>1758289104</EndTestTime>
		<ElapsedMinutes>0</ElapsedMinutes>
	</Testing>
</Site>
