<?xml version="1.0" encoding="UTF-8"?>
<Site BuildName="Linux-c++"
	BuildStamp="20250917-1332-Experimental"
	Name="SonCao-Acer"
	Generator="ctest-3.28.3"
	CompilerName="/usr/bin/c++"
	CompilerVersion="13.3.0"
	OSName="Linux"
	Hostname="SonCao-Acer"
	OSRelease="6.6.87.2-microsoft-standard-WSL2"
	OSVersion="#1 SMP PREEMPT_DYNAMIC Thu Jun  5 18:30:46 UTC 2025"
	OSPlatform="x86_64"
	Is64Bits="1"
	VendorString="AuthenticAMD"
	VendorID="Advanced Micro Devices"
	FamilyID="23"
	ModelID="104"
	ProcessorCacheSize="512"
	NumberOfLogicalCPU="16"
	NumberOfPhysicalCPU="8"
	TotalVirtualMemory="2048"
	TotalPhysicalMemory="7604"
	LogicalProcessorsPerPhysical="2"
	ProcessorClockFrequency="1796.57"
	>
	<Testing>
		<StartDateTime>Sep 17 16:34 CEST</StartDateTime>
		<StartTestTime>1758119677</StartTestTime>
		<TestList>
			<Test>./unsafe_buffer/unsafe_buffer_test</Test>
		</TestList>
		<Test Status="failed">
			<Name>unsafe_buffer_test</Name>
			<Path>./unsafe_buffer</Path>
			<FullName>./unsafe_buffer/unsafe_buffer_test</FullName>
			<FullCommandLine>/usr/bin/python3 "/mnt/c/SAXION/Year 2/Quarter 1/Algorithm/week2-code/scripts/test_target.py" "unsafe_buffer" "/mnt/c/SAXION/Year 2/Quarter 1/Algorithm/week2-code/unsafe_buffer/tests/unsafe_buffer_cases"</FullCommandLine>
			<Results>
				<NamedMeasurement type="text/string" name="Exit Code">
					<Value>Failed</Value>
				</NamedMeasurement>
				<NamedMeasurement type="text/string" name="Exit Value">
					<Value>1</Value>
				</NamedMeasurement>
				<NamedMeasurement type="numeric/double" name="Execution Time">
					<Value>0.269097</Value>
				</NamedMeasurement>
				<NamedMeasurement type="numeric/double" name="Processors">
					<Value>1</Value>
				</NamedMeasurement>
				<NamedMeasurement type="text/string" name="Completion Status">
					<Value>Completed</Value>
				</NamedMeasurement>
				<NamedMeasurement type="text/string" name="Command Line">
					<Value>/usr/bin/python3 "/mnt/c/SAXION/Year 2/Quarter 1/Algorithm/week2-code/scripts/test_target.py" "unsafe_buffer" "/mnt/c/SAXION/Year 2/Quarter 1/Algorithm/week2-code/unsafe_buffer/tests/unsafe_buffer_cases"</Value>
				</NamedMeasurement>
				<NamedMeasurement type="text/string" name="Environment">
					<Value>#CTEST_RESOURCE_GROUP_COUNT=</Value>
				</NamedMeasurement>
				<Measurement>
					<Value>
The answer for the following test input is incorrect: 5 abc*def*ghi*jk*** 
 got abeghi
 expected abhijk
</Value>
				</Measurement>
			</Results>
		</Test>
		<EndDateTime>Sep 17 16:34 CEST</EndDateTime>
		<EndTestTime>1758119677</EndTestTime>
		<ElapsedMinutes>0</ElapsedMinutes>
	</Testing>
</Site>
