Start testing: Sep 19 15:38 CEST
----------------------------------------------------------
4/5 Testing: quick_sort_test
4/5 Test: quick_sort_test
Command: "/usr/bin/python3" "/mnt/c/SAXION/Year 2/Quarter 1/Algorithm/week3-code/scripts/test_sorting.py" "quick_sort" "/mnt/c/SAXION/Year 2/Quarter 1/Algorithm/week3-code/quick_sort/tests/quick_sort_test_cases"
Directory: /mnt/c/SAXION/Year 2/Quarter 1/Algorithm/week3-code/build/quick_sort
"quick_sort_test" start time: Sep 19 15:38 CEST
Output:
----------------------------------------------------------
Data size: 4
Comparisons: 5
Swaps: 6
Data size: 10
Comparisons: 22
Swaps: 19
Data size: 38
Comparisons: 156
Swaps: 117
Data size: 26397
Comparisons: 3534666
Swaps: 3354940
<end of output>
Test time =   1.51 sec
----------------------------------------------------------
Test Passed.
"quick_sort_test" end time: Sep 19 15:38 CEST
"quick_sort_test" time elapsed: 00:00:01
----------------------------------------------------------

End testing: Sep 19 15:38 CEST
