<?xml version="1.0" encoding="UTF-8"?>
<Site BuildName="Linux-c++"
	BuildStamp="20250929-1015-Experimental"
	Name="SonCao-Acer"
	Generator="ctest-3.28.3"
	CompilerName="/usr/bin/c++"
	CompilerVersion="13.3.0"
	OSName="Linux"
	Hostname="SonCao-Acer"
	OSRelease="6.6.87.2-microsoft-standard-WSL2"
	OSVersion="#1 SMP PREEMPT_DYNAMIC Thu Jun  5 18:30:46 UTC 2025"
	OSPlatform="x86_64"
	Is64Bits="1"
	VendorString="AuthenticAMD"
	VendorID="Advanced Micro Devices"
	FamilyID="23"
	ModelID="104"
	ProcessorCacheSize="512"
	NumberOfLogicalCPU="16"
	NumberOfPhysicalCPU="8"
	TotalVirtualMemory="2048"
	TotalPhysicalMemory="7604"
	LogicalProcessorsPerPhysical="2"
	ProcessorClockFrequency="1796.56"
	>
	<Testing>
		<StartDateTime>Sep 29 13:29 CEST</StartDateTime>
		<StartTestTime>1759145368</StartTestTime>
		<TestList/>
		<EndDateTime>Sep 29 13:29 CEST</EndDateTime>
		<EndTestTime>1759145368</EndTestTime>
		<ElapsedMinutes>0</ElapsedMinutes>
	</Testing>
</Site>
