<?xml version="1.0" encoding="UTF-8"?>
<Site BuildName="Linux-c++"
	BuildStamp="20251019-0739-Experimental"
	Name="SonCao-Acer"
	Generator="ctest-3.28.3"
	CompilerName="/usr/bin/c++"
	CompilerVersion="13.3.0"
	OSName="Linux"
	Hostname="SonCao-Acer"
	OSRelease="6.6.87.2-microsoft-standard-WSL2"
	OSVersion="#1 SMP PREEMPT_DYNAMIC Thu Jun  5 18:30:46 UTC 2025"
	OSPlatform="x86_64"
	Is64Bits="1"
	VendorString="AuthenticAMD"
	VendorID="Advanced Micro Devices"
	FamilyID="23"
	ModelID="104"
	ProcessorCacheSize="512"
	NumberOfLogicalCPU="16"
	NumberOfPhysicalCPU="8"
	TotalVirtualMemory="2048"
	TotalPhysicalMemory="7604"
	LogicalProcessorsPerPhysical="2"
	ProcessorClockFrequency="1796.57"
	>
	<Testing>
		<StartDateTime>Oct 19 10:00 CEST</StartDateTime>
		<StartTestTime>1760860820</StartTestTime>
		<TestList>
			<Test>./2.firedepartment/firedepartment_test</Test>
		</TestList>
		<Test Status="passed">
			<Name>firedepartment_test</Name>
			<Path>./2.firedepartment</Path>
			<FullName>./2.firedepartment/firedepartment_test</FullName>
			<FullCommandLine>/usr/bin/python3 "/mnt/c/SAXION/Year 2/Quarter 1/Algorithm/week7-code/scripts/test.py" "firedepartment" "/mnt/c/SAXION/Year 2/Quarter 1/Algorithm/week7-code/2.firedepartment/tests/firedepartment_cases_new"</FullCommandLine>
			<Results>
				<NamedMeasurement type="numeric/double" name="Execution Time">
					<Value>0.886861</Value>
				</NamedMeasurement>
				<NamedMeasurement type="numeric/double" name="Processors">
					<Value>1</Value>
				</NamedMeasurement>
				<NamedMeasurement type="text/string" name="Completion Status">
					<Value>Completed</Value>
				</NamedMeasurement>
				<NamedMeasurement type="text/string" name="Command Line">
					<Value>/usr/bin/python3 "/mnt/c/SAXION/Year 2/Quarter 1/Algorithm/week7-code/scripts/test.py" "firedepartment" "/mnt/c/SAXION/Year 2/Quarter 1/Algorithm/week7-code/2.firedepartment/tests/firedepartment_cases_new"</Value>
				</NamedMeasurement>
				<NamedMeasurement type="text/string" name="Environment">
					<Value>#CTEST_RESOURCE_GROUP_COUNT=</Value>
				</NamedMeasurement>
				<Measurement>
					<Value>All test cases passed
</Value>
				</Measurement>
			</Results>
		</Test>
		<EndDateTime>Oct 19 10:00 CEST</EndDateTime>
		<EndTestTime>1760860821</EndTestTime>
		<ElapsedMinutes>0</ElapsedMinutes>
	</Testing>
</Site>
